<?xml version="1.0" encoding="UTF-8"?>
<testsuite xmlns:xsi="http://www.w3.org/2001/XMLSchema-instance" xsi:noNamespaceSchemaLocation="https://maven.apache.org/surefire/maven-surefire-plugin/xsd/surefire-test-report-3.0.xsd" version="3.0" name="com.day7CollectionsAPI.assignment.comparator.courseService.CourseServiceTest" time="0.022" tests="5" errors="0" skipped="0" failures="0">
  <properties>
[...]
</properties>
  <testcase name="testPrintSortByFees" classname="com.day7CollectionsAPI.assignment.comparator.courseService.CourseServiceTest" time="0.0">
    <system-out><![CDATA[Sorting by Course Fees....
Course{courseId=2919, courseName='ijkl', courseDurationInHours=9, courseFee=125}
Course{courseId=5725, courseName='lmno', courseDurationInHours=0, courseFee=1262}
Course{courseId=5162, courseName='bcde', courseDurationInHours=5, courseFee=1285}
Course{courseId=3148, courseName='abcd', courseDurationInHours=1, courseFee=1294}
Course{courseId=218, courseName='bcde', courseDurationInHours=8, courseFee=1414}
]]></system-out>
  </testcase>
  <testcase name="testPrintSortByName" classname="com.day7CollectionsAPI.assignment.comparator.courseService.CourseServiceTest" time="0.016">
    <system-out><![CDATA[Sorting by Course Name....
Course{courseId=3336, courseName='efgh', courseDurationInHours=4, courseFee=31}
Course{courseId=2616, courseName='efgh', courseDurationInHours=4, courseFee=1294}
Course{courseId=4508, courseName='ghij', courseDurationInHours=9, courseFee=820}
Course{courseId=4317, courseName='ijkl', courseDurationInHours=3, courseFee=1283}
Course{courseId=3520, courseName='ijkl', courseDurationInHours=2, courseFee=578}
]]></system-out>
  </testcase>
  <testcase name="testPrintSortByDuration" classname="com.day7CollectionsAPI.assignment.comparator.courseService.CourseServiceTest" time="0.0">
    <system-out><![CDATA[Sorting by Course Duration....
Course{courseId=4529, courseName='cdef', courseDurationInHours=0, courseFee=827}
Course{courseId=3294, courseName='defg', courseDurationInHours=2, courseFee=1215}
Course{courseId=3479, courseName='abcd', courseDurationInHours=9, courseFee=1244}
Course{courseId=4929, courseName='klmn', courseDurationInHours=11, courseFee=382}
Course{courseId=2989, courseName='fghi', courseDurationInHours=11, courseFee=965}
]]></system-out>
  </testcase>
  <testcase name="testGenerateCourse" classname="com.day7CollectionsAPI.assignment.comparator.courseService.CourseServiceTest" time="0.0"/>
  <testcase name="testGenerateCourses" classname="com.day7CollectionsAPI.assignment.comparator.courseService.CourseServiceTest" time="0.0"/>
</testsuite>